03/10/2018 19:08:29 PM => Environment values............
03/10/2018 19:08:29 PM => >>>>>>>>>>>>>>>>>>>>>>>>>>>>>>>>>>>>>>>>>>>>>>>>>>
03/10/2018 19:08:29 PM => Application on which executed : YBL
03/10/2018 19:08:29 PM => Type of testing : REGRESSION
03/10/2018 19:08:29 PM => Test environment on which application executed : 
03/10/2018 19:08:29 PM => URL : null
03/10/2018 19:08:29 PM => Driver Settings...>>>>>>>>>>>>>>>>>>>>>>>>>>>>>>>>>
03/10/2018 19:08:29 PM => STARTFROMHOMEPAGE <null> : NO
03/10/2018 19:08:29 PM => CLEARCOOKIEFOREACHTEST: NO
03/10/2018 19:08:29 PM => JAVASCRIPTTIMEOUT: 60
03/10/2018 19:08:29 PM => VERIFYJAVASCRIPTERRORS: YES
03/10/2018 19:08:29 PM => ALERTAUTOACCEPT: NO
03/10/2018 19:08:29 PM => Environment file location : /Users/macbook/Documents/iprogrammerAutomation/Config/Env.xml
03/10/2018 19:08:29 PM => Executed on browser : null
03/10/2018 19:08:29 PM => Repository location : /Users/macbook/Documents/iprogrammerAutomation/Repository/YBL_OR.xls
03/10/2018 19:08:29 PM => Suite file name and location : /Users/macbook/Documents/iprogrammerAutomation/Suites/YBL_REGRESSION_Suite.xls
03/10/2018 19:08:29 PM => Test execution report file : /Users/macbook/Documents/iprogrammerAutomation/Reports/03-10-2018_19-08-29-PM_REGRESSION/YBL_TA_Report_null_03-10-2018_19-08-29-PM.xls
03/10/2018 19:08:29 PM => Test execution log file : /Users/macbook/Documents/iprogrammerAutomation/Log/Log_03-10-2018_19-08-29-PM.log
03/10/2018 19:08:29 PM => >>>>>>>>>>>>>>>>>>>>>>>>>>>>>>>>>>>>>>>>>>>>>>>>>>
03/10/2018 19:08:29 PM => TEMPLORARY CURRENT EXECUTION PARAMETERS:
03/10/2018 19:08:29 PM => Templorary folder path : /Users/macbook/Documents/iprogrammerAutomation/Reports/03-10-2018_19-08-29-PM_REGRESSION/Temp/
03/10/2018 19:08:29 PM => Templorary TestSuite path : /Users/macbook/Documents/iprogrammerAutomation/Suites/YBL_REGRESSION_Suite.xls
03/10/2018 19:08:29 PM => Templorary TestLog path : /Users/macbook/Documents/iprogrammerAutomation/Reports/03-10-2018_19-08-29-PM_REGRESSION/Temp/TestExecutionLog.txt
03/10/2018 19:08:29 PM => Screen shot location for this execution : /Users/macbook/Documents/iprogrammerAutomation/Reports/03-10-2018_19-08-29-PM_REGRESSION/Temp/
03/10/2018 19:08:29 PM => >>>>>>>>>>>>>>>>>>>>>>>>>>>>>>>>>>>>>>>>>>>>>>>>>>
03/10/2018 19:08:29 PM => Start Processing OR for YBL App...
03/10/2018 19:08:29 PM => Processing OR for YBL App has been completed in row : 67
03/10/2018 19:08:29 PM => Test Execution was started...
03/10/2018 19:08:29 PM => Start processing script file : testMark1
03/10/2018 19:08:29 PM => Processing to add Common Steps...
03/10/2018 19:08:29 PM => Process of add Common Steps - Completed
03/10/2018 19:08:29 PM => Launch Web Driver process...
03/10/2018 19:08:30 PM => Cannot Find FireFox extension for JavaScript Error collector file
03/10/2018 19:08:41 PM => Script path : /Users/macbook/Documents/iprogrammerAutomation/Reports/03-10-2018_19-08-29-PM_REGRESSION/Temp/testMark1.xls
03/10/2018 19:08:41 PM => Step ID :--------- Step_R01
03/10/2018 19:08:47 PM => Navigate to URLhttp://13.126.191.252/- Pass
03/10/2018 19:08:47 PM => Step ID :--------- Step_R02
03/10/2018 19:08:48 PM => Element :Login_EmailFieldpresent - Pass
03/10/2018 19:08:48 PM => Step ID :--------- Step_R03
03/10/2018 19:08:49 PM => Enter text into :Login_EmailField - Pass
03/10/2018 19:08:49 PM => Step ID :--------- Step_R04
03/10/2018 19:08:50 PM => Enter text into :Login_Password - Pass
03/10/2018 19:08:50 PM => Step ID :--------- Step_R05
03/10/2018 19:08:50 PM => Element :Login_Buttonpresent - Pass
03/10/2018 19:08:50 PM => Step ID :--------- Step_R06
03/10/2018 19:08:51 PM => Click on :Login_Button - Pass
03/10/2018 19:08:51 PM => Step ID :--------- Step_R07
03/10/2018 19:08:52 PM => Element :Dashboard_DiscussionNoteHeadingpresent - Pass
03/10/2018 19:08:52 PM => Step ID :--------- Step_R08
03/10/2018 19:08:54 PM => Click on :Dashboard_CreateNoteButton - Pass
03/10/2018 19:08:54 PM => Step ID :--------- Step_R09
03/10/2018 19:09:00 PM => Enter text into :CreateNote_ClientIntroduction - Pass
03/10/2018 19:09:00 PM => Step ID :--------- Step_R10
03/10/2018 19:09:01 PM => Click on :CreateNote_ClientNames - Pass
03/10/2018 19:09:02 PM => Step ID :--------- Step_R11
03/10/2018 19:09:02 PM => Click on :CreateNote_ClientNames_InfoSystem - Pass
03/10/2018 19:09:03 PM => Step ID :--------- Step_R12
03/10/2018 19:09:03 PM => Enter text into :CreateNote_CompanyOfficials - Pass
03/10/2018 19:09:04 PM => Step ID :--------- Step_R13
03/10/2018 19:09:08 PM => Enter text into :CreateNote_Business of Client - Pass
03/10/2018 19:09:08 PM => Step ID :--------- Step_R14
03/10/2018 19:09:09 PM => Click on :CreateNote_Save And Next1 - Pass
03/10/2018 19:09:09 PM => Step ID :--------- Step_R15
03/10/2018 19:09:09 PM => Element :CreateNote_PRODUCT TYPEpresent - Pass
03/10/2018 19:09:10 PM => Step ID :--------- Step_R16
03/10/2018 19:09:10 PM => Click on :CreateNote_PRODUCT TYPE - Pass
03/10/2018 19:09:11 PM => Step ID :--------- Step_R17
03/10/2018 19:09:11 PM => Click on :CreateNote_PRODUCT TYPE_Long Term Forward - Pass
03/10/2018 19:09:12 PM => Step ID :--------- Step_R18
03/10/2018 19:09:17 PM => Enter text into :CreateNote_Trade Details - Pass
03/10/2018 19:09:18 PM => Step ID :--------- Step_R19
03/10/2018 19:09:20 PM => Enter text into :CreateNote_Appropriateness of the Derivative - Pass
03/10/2018 19:09:21 PM => Step ID :--------- Step_R20
03/10/2018 19:09:21 PM => Click on :CreateNote_Includes Deferred Premium Deal - Pass
03/10/2018 19:09:22 PM => Step ID :--------- Step_R21
03/10/2018 19:09:22 PM => Click on :CreateNote_Includes Deferred Premium Deal_NO - Pass
03/10/2018 19:09:22 PM => Step ID :--------- Step_R22
03/10/2018 19:09:24 PM => Enter text into :CreateNote_Credit Risk - Pass
03/10/2018 19:09:24 PM => Step ID :--------- Step_R23
03/10/2018 19:09:26 PM => Enter text into :CreateNote_Market Risk - Pass
03/10/2018 19:09:26 PM => Step ID :--------- Step_R24
03/10/2018 19:09:27 PM => Click on :CreateNote_Expected EarningsDDL - Pass
03/10/2018 19:09:27 PM => Step ID :--------- Step_R25
03/10/2018 19:09:27 PM => Click on :CreateNote_Expected EarningsDDL (INR) - Fail
03/10/2018 19:09:28 PM => Close Webdriver Process - Completed
03/10/2018 19:09:28 PM => *******************************************************************
03/10/2018 19:09:28 PM => ***** Test script result :Fail*****
03/10/2018 19:09:28 PM => *** Test script Execution Time: 00:46.9 ***
03/10/2018 19:09:28 PM => *******************************************************************
03/10/2018 19:09:28 PM => Processing Suite file was completed in row:25
03/10/2018 19:09:28 PM => ==================================
03/10/2018 19:09:28 PM => Total Statistics: 
03/10/2018 19:09:28 PM => Total Tests Run : 1
03/10/2018 19:09:28 PM => Tests PASSED : 0
03/10/2018 19:09:28 PM => Tests FAILED : 1
03/10/2018 19:09:28 PM => JavaScript Errors : 0
03/10/2018 19:09:28 PM => ==================================
03/10/2018 19:09:28 PM => ***TEST RUN FAILED***
03/10/2018 19:09:29 PM => ***********Execution Completed Successfully**********
